############ Wabbajack log file - 2026-02-06 12:18:36.6937 ############
00:00:00.000 [INFO] (Wabbajack.Downloaders.GameFile.GameLocator) Found SteamGame { AppManifest = { AppId = 228980, Name = Steamworks Common Redistributables, InstallationDirectory = C:/Program Files (x86)/Steam/steamapps/common/Steamworks Shared }, LibraryFolder = C:/Program Files (x86)/Steam, SteamPath = C:/Program Files (x86)/Steam, AppId = 228980, Name = Steamworks Common Redistributables, Path = C:/Program Files (x86)/Steam/steamapps/common/Steamworks Shared }
00:00:00.034 [INFO] (Wabbajack.Downloaders.GameFile.GameLocator) Found SteamGame { AppManifest = { AppId = 1946160, Name = Fallout 4: Creation Kit, InstallationDirectory = D:/SteamLibrary/steamapps/common/Fallout 4 }, LibraryFolder = D:/SteamLibrary, SteamPath = C:/Program Files (x86)/Steam, AppId = 1946160, Name = Fallout 4: Creation Kit, Path = D:/SteamLibrary/steamapps/common/Fallout 4 }
00:00:00.034 [INFO] (Wabbajack.Downloaders.GameFile.GameLocator) Found SteamGame { AppManifest = { AppId = 1946180, Name = Skyrim Special Edition: Creation Kit, InstallationDirectory = D:/SteamLibrary/steamapps/common/Skyrim Special Edition }, LibraryFolder = D:/SteamLibrary, SteamPath = C:/Program Files (x86)/Steam, AppId = 1946180, Name = Skyrim Special Edition: Creation Kit, Path = D:/SteamLibrary/steamapps/common/Skyrim Special Edition }
00:00:00.034 [INFO] (Wabbajack.Downloaders.GameFile.GameLocator) Found SteamGame { AppManifest = { AppId = 2054970, Name = Dragon's Dogma 2, InstallationDirectory = D:/SteamLibrary/steamapps/common/Dragons Dogma 2 }, LibraryFolder = D:/SteamLibrary, SteamPath = C:/Program Files (x86)/Steam, AppId = 2054970, Name = Dragon's Dogma 2, Path = D:/SteamLibrary/steamapps/common/Dragons Dogma 2 }
00:00:00.034 [INFO] (Wabbajack.Downloaders.GameFile.GameLocator) Found SteamGame { AppManifest = { AppId = 2350220, Name = Outside the Blocks, InstallationDirectory = D:/SteamLibrary/steamapps/common/Outside the Blocks }, LibraryFolder = D:/SteamLibrary, SteamPath = C:/Program Files (x86)/Steam, AppId = 2350220, Name = Outside the Blocks, Path = D:/SteamLibrary/steamapps/common/Outside the Blocks }
00:00:00.034 [INFO] (Wabbajack.Downloaders.GameFile.GameLocator) Found SteamGame { AppManifest = { AppId = 2420110, Name = Horizon Forbidden West™ Complete Edition, InstallationDirectory = D:/SteamLibrary/steamapps/common/Horizon Forbidden West Complete Edition }, LibraryFolder = D:/SteamLibrary, SteamPath = C:/Program Files (x86)/Steam, AppId = 2420110, Name = Horizon Forbidden West™ Complete Edition, Path = D:/SteamLibrary/steamapps/common/Horizon Forbidden West Complete Edition }
00:00:00.034 [INFO] (Wabbajack.Downloaders.GameFile.GameLocator) Found SteamGame { AppManifest = { AppId = 2498570, Name = Canvas of Kings, InstallationDirectory = D:/SteamLibrary/steamapps/common/Canvas of Kings }, LibraryFolder = D:/SteamLibrary, SteamPath = C:/Program Files (x86)/Steam, AppId = 2498570, Name = Canvas of Kings, Path = D:/SteamLibrary/steamapps/common/Canvas of Kings }
00:00:00.034 [INFO] (Wabbajack.Downloaders.GameFile.GameLocator) Found SteamGame { AppManifest = { AppId = 2623190, Name = The Elder Scrolls IV: Oblivion Remastered, InstallationDirectory = D:/SteamLibrary/steamapps/common/Oblivion Remastered }, LibraryFolder = D:/SteamLibrary, SteamPath = C:/Program Files (x86)/Steam, AppId = 2623190, Name = The Elder Scrolls IV: Oblivion Remastered, Path = D:/SteamLibrary/steamapps/common/Oblivion Remastered }
00:00:00.034 [INFO] (Wabbajack.Downloaders.GameFile.GameLocator) Found SteamGame { AppManifest = { AppId = 306130, Name = The Elder Scrolls Online, InstallationDirectory = D:/SteamLibrary/steamapps/common/Zenimax Online }, LibraryFolder = D:/SteamLibrary, SteamPath = C:/Program Files (x86)/Steam, AppId = 306130, Name = The Elder Scrolls Online, Path = D:/SteamLibrary/steamapps/common/Zenimax Online }
00:00:00.034 [INFO] (Wabbajack.Downloaders.GameFile.GameLocator) Found SteamGame { AppManifest = { AppId = 377160, Name = Fallout 4, InstallationDirectory = D:/SteamLibrary/steamapps/common/Fallout 4 }, LibraryFolder = D:/SteamLibrary, SteamPath = C:/Program Files (x86)/Steam, AppId = 377160, Name = Fallout 4, Path = D:/SteamLibrary/steamapps/common/Fallout 4 }
00:00:00.034 [INFO] (Wabbajack.Downloaders.GameFile.GameLocator) Found SteamGame { AppManifest = { AppId = 4088380, Name = StoryFlow Editor, InstallationDirectory = D:/SteamLibrary/steamapps/common/StoryFlow Editor }, LibraryFolder = D:/SteamLibrary, SteamPath = C:/Program Files (x86)/Steam, AppId = 4088380, Name = StoryFlow Editor, Path = D:/SteamLibrary/steamapps/common/StoryFlow Editor }
00:00:00.034 [INFO] (Wabbajack.Downloaders.GameFile.GameLocator) Found SteamGame { AppManifest = { AppId = 489830, Name = The Elder Scrolls V: Skyrim Special Edition, InstallationDirectory = D:/SteamLibrary/steamapps/common/Skyrim Special Edition }, LibraryFolder = D:/SteamLibrary, SteamPath = C:/Program Files (x86)/Steam, AppId = 489830, Name = The Elder Scrolls V: Skyrim Special Edition, Path = D:/SteamLibrary/steamapps/common/Skyrim Special Edition }
00:00:00.034 [INFO] (Wabbajack.Downloaders.GameFile.GameLocator) Found GOGGame { Id = 1491728574, Name = Fallout: London, Path = E:/Program Files/GOG Galaxy/Games/Fallout London, BuildId = 59020216589308329 }
00:00:00.034 [INFO] (Wabbajack.Downloaders.GameFile.GameLocator) Found GOGGame { Id = 1998527297, Name = Fallout 4: Game of the Year Edition, Path = E:/Program Files/GOG Galaxy/Games/Fallout 4 GOTY, BuildId = 56699004712175290 }
00:00:00.048 [INFO] (Wabbajack.Downloaders.GameFile.GameLocator) Found EGSGame { CatalogItemId = c5c30696e4e0482f9c0a170873975230, DisplayName = Fab UE Plugin, InstallLocation = E:/Program Files/Epic Games/UE_5.6 }
00:00:00.048 [INFO] (Wabbajack.Downloaders.GameFile.GameLocator) Found EGSGame { CatalogItemId = 1ce536b653df463bb2492f529d832b71, DisplayName = Quixel Bridge, InstallLocation = E:/Program Files/Epic Games/UE_5.6 }
00:00:00.048 [INFO] (Wabbajack.Downloaders.GameFile.GameLocator) Found EGSGame { CatalogItemId = 73923380f4d944d5bcb6d77a0640d26d, DisplayName = Unreal Engine, InstallLocation = E:/Program Files/Epic Games/UE_5.6 }
00:00:00.048 [ERROR] (Wabbajack.Downloaders.GameFile.GameLocator) Manifest folder C:/ProgramData/Origin/LocalContent does not contain any .mfst files
00:00:00.313 [ERROR] (Wabbajack.Downloaders.GameFile.GameLocator) Exception while decrypting file C:/ProgramData/EA Desktop/530c11479fe252fc5aabc24935b9776d4900eb3ba58fdc271e0d6229413ad40e/IS:
System.Security.Cryptography.CryptographicException: Padding is invalid and cannot be removed.
   at System.Security.Cryptography.SymmetricPadding.GetPaddingLength(ReadOnlySpan`1 block, PaddingMode paddingMode, Int32 blockSize)
   at System.Security.Cryptography.UniversalCryptoDecryptor.UncheckedTransformFinalBlock(ReadOnlySpan`1 inputBuffer, Span`1 outputBuffer)
   at System.Security.Cryptography.UniversalCryptoDecryptor.UncheckedTransformFinalBlock(Byte[] inputBuffer, Int32 inputOffset, Int32 inputCount)
   at System.Security.Cryptography.CryptoStream.ReadAsyncCore(Memory`1 buffer, CancellationToken cancellationToken, Boolean useAsync)
   at System.Security.Cryptography.CryptoStream.Read(Byte[] buffer, Int32 offset, Int32 count)
   at System.IO.StreamReader.ReadBuffer()
   at System.IO.StreamReader.ReadToEnd()
   at GameFinder.StoreHandlers.EADesktop.Crypto.Decryption.DecryptFile(Byte[] fileContents, Byte[] key, Byte[] iv)
   at GameFinder.StoreHandlers.EADesktop.EADesktopHandler.DecryptInstallInfoFile(IFileSystem fileSystem, AbsolutePath installInfoFile, IHardwareInfoProvider hardwareInfoProvider)
00:00:01.815 [INFO] (Wabbajack.MainWindowVM) Wabbajack information:
00:00:01.815 [INFO] (Wabbajack.MainWindowVM)     Version: 4.0.5.1
00:00:01.815 [INFO] (Wabbajack.MainWindowVM)     Build: bcab9b1248e7200ddd9b8a3a04cf496fd7fa7089
00:00:01.815 [INFO] (Wabbajack.MainWindowVM)     Entry point: D:\Wabbajack\4.0.5.1
00:00:01.815 [INFO] (Wabbajack.MainWindowVM)     Assembly Location: D:\Wabbajack\4.0.5.1\Wabbajack.dll
00:00:01.815 [INFO] (Wabbajack.MainWindowVM)     Process Location: D:\Wabbajack\4.0.5.1\Wabbajack.exe
00:00:01.815 [INFO] (Wabbajack.MainWindowVM) General information:
00:00:01.815 [INFO] (Wabbajack.MainWindowVM)     Windows version: Microsoft Windows NT 10.0.19045.0
00:00:01.830 [INFO] (Wabbajack.MainWindowVM) System information: 
00:00:01.830 [INFO] (Wabbajack.MainWindowVM)     GPU: AMD Radeon RX 7800 XT (15.8GB)
00:00:01.830 [INFO] (Wabbajack.MainWindowVM)     RAM: 63.8GB
00:00:01.830 [INFO] (Wabbajack.MainWindowVM)     Primary display resolution: 2560x1440
00:00:01.830 [INFO] (Wabbajack.MainWindowVM)     Pagefile: 59.1GB
00:00:01.830 [INFO] (Wabbajack.MainWindowVM)     VideoMemorySizeMb (ENB): 10240
00:00:01.830 [INFO] (Wabbajack.MainWindowVM) System partitions: 
00:00:02.399 [INFO] (Wabbajack.MainWindowVM)     C:\ (SSD): 313.8GB free
00:00:02.399 [INFO] (Wabbajack.MainWindowVM)     D:\ (SSD): 535.3GB free
00:00:02.399 [INFO] (Wabbajack.MainWindowVM)     E:\ (SSD): 1006.6GB free
00:00:02.399 [INFO] (Wabbajack.MainWindowVM)     F:\ (SSD): 638.6GB free
00:00:02.399 [INFO] (Wabbajack.MainWindowVM)     H:\ (SSD): 974.3GB free
00:00:02.401 [INFO] (Wabbajack.Networking.WabbajackClientApi.Client) Init Client: b8e3a33905b92d3f7b8864db6d881a728d13b71b3f2f4427e9d020f50233bdf2
00:00:02.401 [INFO] (Wabbajack.Networking.WabbajackClientApi.Client) Init Client: b8e3a33905b92d3f7b8864db6d881a728d13b71b3f2f4427e9d020f50233bdf2
00:00:02.549 [INFO] (Wabbajack.MainWindowVM) TLS Information: {"given_cipher_suites":["TLS_ECDHE_ECDSA_WITH_AES_256_GCM_SHA384","TLS_ECDHE_ECDSA_WITH_AES_128_GCM_SHA256","TLS_ECDHE_RSA_WITH_AES_256_GCM_SHA384","TLS_ECDHE_RSA_WITH_AES_128_GCM_SHA256","TLS_DHE_RSA_WITH_AES_256_GCM_SHA384","TLS_DHE_RSA_WITH_AES_128_GCM_SHA256","TLS_ECDHE_ECDSA_WITH_AES_256_CBC_SHA384","TLS_ECDHE_ECDSA_WITH_AES_128_CBC_SHA256","TLS_ECDHE_RSA_WITH_AES_256_CBC_SHA384","TLS_ECDHE_RSA_WITH_AES_128_CBC_SHA256","TLS_ECDHE_ECDSA_WITH_AES_256_CBC_SHA","TLS_ECDHE_ECDSA_WITH_AES_128_CBC_SHA","TLS_ECDHE_RSA_WITH_AES_256_CBC_SHA","TLS_ECDHE_RSA_WITH_AES_128_CBC_SHA","TLS_RSA_WITH_AES_256_GCM_SHA384","TLS_RSA_WITH_AES_128_GCM_SHA256","TLS_RSA_WITH_AES_256_CBC_SHA256","TLS_RSA_WITH_AES_128_CBC_SHA256","TLS_RSA_WITH_AES_256_CBC_SHA","TLS_RSA_WITH_AES_128_CBC_SHA","TLS_RSA_WITH_3DES_EDE_CBC_SHA"],"ephemeral_keys_supported":true,"session_ticket_supported":true,"tls_compression_supported":false,"unknown_cipher_suite_supported":false,"beast_vuln":false,"able_to_detect_n_minus_one_splitting":false,"insecure_cipher_suites":{},"tls_version":"TLS 1.2","rating":"Probably Okay"}
00:00:02.788 [INFO] (Wabbajack.LauncherUpdater) Deleting old Wabbajack version at: D:\Wabbajack\4.0.5.1\Wabbajack.exe.WebView2\EBWebView\Domain Actions\3.0.0.16
00:00:02.788 [INFO] (Wabbajack.LauncherUpdater) Deleting old Wabbajack version at: D:\Wabbajack\4.0.5.1\Wabbajack.exe.WebView2\EBWebView\Speech Recognition\1.15.0.1
00:00:02.788 [INFO] (Wabbajack.LauncherUpdater) Deleting old Wabbajack version at: D:\Wabbajack\4.0.5.1\Wabbajack.exe.WebView2\EBWebView\AutoLaunchProtocolsComponent\1.0.0.10
00:00:02.788 [INFO] (Wabbajack.LauncherUpdater) Deleting old Wabbajack version at: D:\Wabbajack\4.0.5.1\Wabbajack.exe.WebView2\EBWebView\OriginTrials\0.0.1.7
00:00:02.791 [INFO] (Wabbajack.LauncherUpdater) Getting new Wabbajack version list
00:00:10.040 [ERROR] (Wabbajack.ModListGalleryVM) Error downloading modlist image Uranium Fever from https://raw.githubusercontent.com/wabbajack-tools/mod-lists/master/reports/UraniumFever/UraniumFever_large.webp: System.Net.Http.HttpRequestException: Response status code does not indicate success: 404 (Not Found).
   at System.Net.Http.HttpResponseMessage.EnsureSuccessStatusCode()
   at System.Net.Http.HttpClient.GetStreamAsyncCore(HttpRequestMessage request, CancellationToken cancellationToken)
   at Wabbajack.UIUtils.<>c__DisplayClass8_1.<<DownloadBitmapImage>b__1>d.MoveNext() in D:\oss\wabbajack\Wabbajack.App.Wpf\Util\UIUtils.cs:line 129
00:00:10.040 [ERROR] (Wabbajack.ModListGalleryVM) Error downloading modlist image Uranium Fever from https://raw.githubusercontent.com/wabbajack-tools/mod-lists/master/reports/UraniumFever/UraniumFever_large.webp: System.Net.Http.HttpRequestException: Response status code does not indicate success: 404 (Not Found).
   at System.Net.Http.HttpResponseMessage.EnsureSuccessStatusCode()
   at System.Net.Http.HttpClient.GetStreamAsyncCore(HttpRequestMessage request, CancellationToken cancellationToken)
   at Wabbajack.UIUtils.<>c__DisplayClass8_1.<<DownloadBitmapImage>b__1>d.MoveNext() in D:\oss\wabbajack\Wabbajack.App.Wpf\Util\UIUtils.cs:line 129
00:00:10.040 [ERROR] (Wabbajack.ModListGalleryVM) Error downloading modlist image Licentia NEXT from https://raw.githubusercontent.com/wabbajack-tools/mod-lists/master/reports/licentia_next/licentia_next_large.webp: System.Net.Http.HttpRequestException: Response status code does not indicate success: 404 (Not Found).
   at System.Net.Http.HttpResponseMessage.EnsureSuccessStatusCode()
   at System.Net.Http.HttpClient.GetStreamAsyncCore(HttpRequestMessage request, CancellationToken cancellationToken)
   at Wabbajack.UIUtils.<>c__DisplayClass8_1.<<DownloadBitmapImage>b__1>d.MoveNext() in D:\oss\wabbajack\Wabbajack.App.Wpf\Util\UIUtils.cs:line 129
00:00:10.040 [ERROR] (Wabbajack.ModListGalleryVM) Error downloading modlist image Panda's Sovngarde from https://raw.githubusercontent.com/wabbajack-tools/mod-lists/master/reports/PISE/PISE_large.webp: System.Net.Http.HttpRequestException: Response status code does not indicate success: 404 (Not Found).
   at System.Net.Http.HttpResponseMessage.EnsureSuccessStatusCode()
   at System.Net.Http.HttpClient.GetStreamAsyncCore(HttpRequestMessage request, CancellationToken cancellationToken)
   at Wabbajack.UIUtils.<>c__DisplayClass8_1.<<DownloadBitmapImage>b__1>d.MoveNext() in D:\oss\wabbajack\Wabbajack.App.Wpf\Util\UIUtils.cs:line 129
00:00:10.040 [ERROR] (Wabbajack.ModListGalleryVM) Error downloading modlist image Licentia NEXT from https://raw.githubusercontent.com/wabbajack-tools/mod-lists/master/reports/licentia_next/licentia_next_large.webp: System.Net.Http.HttpRequestException: Response status code does not indicate success: 404 (Not Found).
   at System.Net.Http.HttpResponseMessage.EnsureSuccessStatusCode()
   at System.Net.Http.HttpClient.GetStreamAsyncCore(HttpRequestMessage request, CancellationToken cancellationToken)
   at Wabbajack.UIUtils.<>c__DisplayClass8_1.<<DownloadBitmapImage>b__1>d.MoveNext() in D:\oss\wabbajack\Wabbajack.App.Wpf\Util\UIUtils.cs:line 129
00:00:10.040 [ERROR] (Wabbajack.ModListGalleryVM) Error downloading modlist image Panda's Sovngarde from https://raw.githubusercontent.com/wabbajack-tools/mod-lists/master/reports/PISE/PISE_large.webp: System.Net.Http.HttpRequestException: Response status code does not indicate success: 404 (Not Found).
   at System.Net.Http.HttpResponseMessage.EnsureSuccessStatusCode()
   at System.Net.Http.HttpClient.GetStreamAsyncCore(HttpRequestMessage request, CancellationToken cancellationToken)
   at Wabbajack.UIUtils.<>c__DisplayClass8_1.<<DownloadBitmapImage>b__1>d.MoveNext() in D:\oss\wabbajack\Wabbajack.App.Wpf\Util\UIUtils.cs:line 129
00:00:10.097 [ERROR] (Wabbajack.ModListGalleryVM) Error downloading modlist image End Times from https://raw.githubusercontent.com/wabbajack-tools/mod-lists/master/reports/OmnisWorld/End-Times-Challenge_large.webp: System.Net.Http.HttpRequestException: Response status code does not indicate success: 404 (Not Found).
   at System.Net.Http.HttpResponseMessage.EnsureSuccessStatusCode()
   at System.Net.Http.HttpClient.GetStreamAsyncCore(HttpRequestMessage request, CancellationToken cancellationToken)
   at Wabbajack.UIUtils.<>c__DisplayClass8_1.<<DownloadBitmapImage>b__1>d.MoveNext() in D:\oss\wabbajack\Wabbajack.App.Wpf\Util\UIUtils.cs:line 129
00:00:10.097 [ERROR] (Wabbajack.ModListGalleryVM) Error downloading modlist image End Times from https://raw.githubusercontent.com/wabbajack-tools/mod-lists/master/reports/OmnisWorld/End-Times-Challenge_large.webp: System.Net.Http.HttpRequestException: Response status code does not indicate success: 404 (Not Found).
   at System.Net.Http.HttpResponseMessage.EnsureSuccessStatusCode()
   at System.Net.Http.HttpClient.GetStreamAsyncCore(HttpRequestMessage request, CancellationToken cancellationToken)
   at Wabbajack.UIUtils.<>c__DisplayClass8_1.<<DownloadBitmapImage>b__1>d.MoveNext() in D:\oss\wabbajack\Wabbajack.App.Wpf\Util\UIUtils.cs:line 129
00:00:10.097 [ERROR] (Wabbajack.ModListGalleryVM) Error downloading modlist image ElderTeej from https://raw.githubusercontent.com/wabbajack-tools/mod-lists/master/reports/ElderTeej/ElderTeej_large.webp: System.Net.Http.HttpRequestException: Response status code does not indicate success: 404 (Not Found).
   at System.Net.Http.HttpResponseMessage.EnsureSuccessStatusCode()
   at System.Net.Http.HttpClient.GetStreamAsyncCore(HttpRequestMessage request, CancellationToken cancellationToken)
   at Wabbajack.UIUtils.<>c__DisplayClass8_1.<<DownloadBitmapImage>b__1>d.MoveNext() in D:\oss\wabbajack\Wabbajack.App.Wpf\Util\UIUtils.cs:line 129
00:00:10.097 [ERROR] (Wabbajack.ModListGalleryVM) Error downloading modlist image ElderTeej from https://raw.githubusercontent.com/wabbajack-tools/mod-lists/master/reports/ElderTeej/ElderTeej_large.webp: System.Net.Http.HttpRequestException: Response status code does not indicate success: 404 (Not Found).
   at System.Net.Http.HttpResponseMessage.EnsureSuccessStatusCode()
   at System.Net.Http.HttpClient.GetStreamAsyncCore(HttpRequestMessage request, CancellationToken cancellationToken)
   at Wabbajack.UIUtils.<>c__DisplayClass8_1.<<DownloadBitmapImage>b__1>d.MoveNext() in D:\oss\wabbajack\Wabbajack.App.Wpf\Util\UIUtils.cs:line 129
00:00:29.690 [INFO] (Wabbajack.Downloaders.WabbajackCDNDownloader) Getting file definition for CDN download WabbajackCDNDownloader+State|https://authored-files.wabbajack.org/Chaos Mage.wabbajack_b4785a9a-e8d5-4fcf-be7e-4a93a607b73c
00:00:50.600 [INFO] (Wabbajack.InstallationVM) Preparing HttpDownloader
00:00:50.600 [INFO] (Wabbajack.InstallationVM) Preparing NexusDownloader
00:00:50.607 [INFO] (Wabbajack.Networking.NexusApi.ProxiedNexusApi) Refreshing OAuth Token
00:00:51.107 [INFO] (Wabbajack.Services.OSIntegrated.TokenProviders.NexusApiTokenProvider) Setting token nexus-oauth-info
00:00:51.319 [INFO] (Wabbajack.Networking.NexusApi.ProxiedNexusApi) Nexus API call finished: 0.037748 - Remaining Limit: 0
00:00:51.319 [INFO] (Wabbajack.InstallationVM) Preparing WabbajackCDNDownloader
00:00:51.319 [INFO] (Wabbajack.InstallationVM) Preparing GameFileDownloader
00:00:51.394 [INFO] (Wabbajack.InstallationVM) Starting installation of Chaos Mage 1.3.3.0:
00:00:51.394 [INFO] (Wabbajack.InstallationVM)     Installation folder: E:\ChaosMage
00:00:51.394 [INFO] (Wabbajack.InstallationVM)     Downloads folder: F:\Archive\downloads\ChaosMage
00:00:51.394 [INFO] (Wabbajack.InstallationVM)     Modlist file location: D:\Wabbajack\4.0.5.1\downloaded_mod_lists\OmnisWorld_@@_Chaos-Mage-Randomized-Challenge.wabbajack
00:00:51.394 [INFO] (Wabbajack.InstallationVM)     Game: SkyrimSpecialEdition
00:00:51.394 [INFO] (Wabbajack.InstallationVM)     Game folder: D:\SteamLibrary\steamapps\common\Skyrim Special Edition
00:00:51.394 [INFO] (Wabbajack.InstallationVM)     Other games that can be sourced from: 
00:00:51.394 [INFO] (Wabbajack.Installer.StandardInstaller) Installing: Chaos Mage - 1.3.3.0
00:00:51.414 [INFO] (Wabbajack.Installer.StandardInstaller) Next Step: Configuring Installer
00:00:51.414 [INFO] (Wabbajack.Installer.StandardInstaller) Configuring Processor
00:00:51.414 [INFO] (Wabbajack.Installer.StandardInstaller) Install Folder: E:\ChaosMage
00:00:51.414 [INFO] (Wabbajack.Installer.StandardInstaller) Downloads Folder: F:\Archive\downloads\ChaosMage
00:00:51.414 [INFO] (Wabbajack.Installer.StandardInstaller) Game Folder: D:\SteamLibrary\steamapps\common\Skyrim Special Edition
00:00:51.414 [INFO] (Wabbajack.Installer.StandardInstaller) Wabbajack Folder: D:\Wabbajack\4.0.5.1
00:00:51.416 [INFO] (Wabbajack.Installer.StandardInstaller) Optimizing ModList directives
00:00:51.431 [INFO] (Wabbajack.Installer.StandardInstaller) Next Step: Looking for files to delete
00:00:51.431 [INFO] (Wabbajack.Installer.StandardInstaller) Next Step: Cleaning empty folders
00:00:51.431 [INFO] (Wabbajack.Installer.StandardInstaller) Next Step: Looking for unmodified files
00:00:51.450 [INFO] (Wabbajack.Installer.StandardInstaller) Next Step: Updating ModList
00:00:51.450 [INFO] (Wabbajack.Installer.StandardInstaller) Optimized 4457 directives to 4457 required
00:00:51.450 [INFO] (Wabbajack.Installer.StandardInstaller) Next Step: Hashing Archives
00:00:51.450 [INFO] (Wabbajack.Installer.StandardInstaller) Looking for files to hash
00:00:51.756 [INFO] (Wabbajack.Installer.StandardInstaller) Getting archive sizes
00:00:52.012 [INFO] (Wabbajack.Installer.StandardInstaller) Linking archives to downloads
00:00:52.012 [INFO] (Wabbajack.Installer.StandardInstaller) Found 27865 total files, 193 matching filesize
00:00:52.059 [INFO] (Wabbajack.Installer.StandardInstaller) Missing 45 archives
00:00:52.059 [INFO] (Wabbajack.Installer.StandardInstaller) Downloading validation data
00:00:52.163 [INFO] (Wabbajack.Installer.StandardInstaller) Validating Archives
00:00:52.163 [INFO] (Wabbajack.Installer.StandardInstaller) Downloading missing archives
00:00:52.163 [INFO] (Wabbajack.Installer.StandardInstaller) Downloading 45 archives
00:00:52.163 [INFO] (Wabbajack.Installer.StandardInstaller) Next Step: Downloading files
00:00:52.169 [INFO] (Wabbajack.Installer.StandardInstaller) Downloading Tools_AssetWatcher_platforms_qoffscreen.dll
00:00:52.169 [ERROR] (Wabbajack.Installer.StandardInstaller) Missing game file Tools_AssetWatcher_platforms_qoffscreen.dll. This could be caused by missing DLC or a modified installation.
00:00:52.169 [INFO] (Wabbajack.Installer.StandardInstaller) Downloading lex_accent.tlx
00:00:52.169 [ERROR] (Wabbajack.Installer.StandardInstaller) Missing game file lex_accent.tlx. This could be caused by missing DLC or a modified installation.
00:00:52.169 [INFO] (Wabbajack.Installer.StandardInstaller) Downloading Tools_HavokBehaviorPostProcess_UpgradeHavokBehavior.bat
00:00:52.169 [ERROR] (Wabbajack.Installer.StandardInstaller) Missing game file Tools_HavokBehaviorPostProcess_UpgradeHavokBehavior.bat. This could be caused by missing DLC or a modified installation.
00:00:52.169 [INFO] (Wabbajack.Installer.StandardInstaller) Downloading p4com64.dll
00:00:52.169 [ERROR] (Wabbajack.Installer.StandardInstaller) Missing game file p4com64.dll. This could be caused by missing DLC or a modified installation.
00:00:52.169 [INFO] (Wabbajack.Installer.StandardInstaller) Downloading Tools_AssetWatcher_SettingsGeneration.py
00:00:52.169 [ERROR] (Wabbajack.Installer.StandardInstaller) Missing game file Tools_AssetWatcher_SettingsGeneration.py. This could be caused by missing DLC or a modified installation.
00:00:52.169 [INFO] (Wabbajack.Installer.StandardInstaller) Downloading Tools_Elric_xg.dll
00:00:52.169 [ERROR] (Wabbajack.Installer.StandardInstaller) Missing game file Tools_Elric_xg.dll. This could be caused by missing DLC or a modified installation.
00:00:52.169 [INFO] (Wabbajack.Installer.StandardInstaller) Downloading Tools_Archive_Archive.exe
00:00:52.169 [ERROR] (Wabbajack.Installer.StandardInstaller) Missing game file Tools_Archive_Archive.exe. This could be caused by missing DLC or a modified installation.
00:00:52.169 [INFO] (Wabbajack.Installer.StandardInstaller) Downloading Tools_AssetWatcher_Qt5Svg.dll
00:00:52.169 [ERROR] (Wabbajack.Installer.StandardInstaller) Missing game file Tools_AssetWatcher_Qt5Svg.dll. This could be caused by missing DLC or a modified installation.
00:00:52.169 [INFO] (Wabbajack.Installer.StandardInstaller) Downloading CreationKit.exe
00:00:52.169 [ERROR] (Wabbajack.Installer.StandardInstaller) Missing game file CreationKit.exe. This could be caused by missing DLC or a modified installation.
00:00:52.169 [INFO] (Wabbajack.Installer.StandardInstaller) Downloading lex_User_correct.tlx
00:00:52.169 [ERROR] (Wabbajack.Installer.StandardInstaller) Missing game file lex_User_correct.tlx. This could be caused by missing DLC or a modified installation.
00:00:52.169 [INFO] (Wabbajack.Installer.StandardInstaller) Downloading Tools_AssetWatcher_Qt5Core.dll
00:00:52.169 [ERROR] (Wabbajack.Installer.StandardInstaller) Missing game file Tools_AssetWatcher_Qt5Core.dll. This could be caused by missing DLC or a modified installation.
00:00:52.169 [INFO] (Wabbajack.Installer.StandardInstaller) Downloading Tools_ArtTools_Blender_bgs_skyrim_tools.zip
00:00:52.169 [ERROR] (Wabbajack.Installer.StandardInstaller) Missing game file Tools_ArtTools_Blender_bgs_skyrim_tools.zip. This could be caused by missing DLC or a modified installation.
00:00:52.169 [INFO] (Wabbajack.Installer.StandardInstaller) Downloading Tools_AssetWatcher_platforms_qwindows.dll
00:00:52.169 [ERROR] (Wabbajack.Installer.StandardInstaller) Missing game file Tools_AssetWatcher_platforms_qwindows.dll. This could be caused by missing DLC or a modified installation.
00:00:52.169 [INFO] (Wabbajack.Installer.StandardInstaller) Downloading lex_ssceam2.clx
00:00:52.169 [ERROR] (Wabbajack.Installer.StandardInstaller) Missing game file lex_ssceam2.clx. This could be caused by missing DLC or a modified installation.
00:00:52.169 [INFO] (Wabbajack.Installer.StandardInstaller) Downloading Papyrus Compiler_ScriptCompile.bat
00:00:52.169 [ERROR] (Wabbajack.Installer.StandardInstaller) Missing game file Papyrus Compiler_ScriptCompile.bat. This could be caused by missing DLC or a modified installation.
00:00:52.169 [INFO] (Wabbajack.Installer.StandardInstaller) Downloading Papyrus Compiler_PapyrusCompiler.exe
00:00:52.169 [ERROR] (Wabbajack.Installer.StandardInstaller) Missing game file Papyrus Compiler_PapyrusCompiler.exe. This could be caused by missing DLC or a modified installation.
00:00:52.169 [INFO] (Wabbajack.Installer.StandardInstaller) Downloading Tools_LipGen_LipFuzer_LIPFuzer.exe
00:00:52.169 [ERROR] (Wabbajack.Installer.StandardInstaller) Missing game file Tools_LipGen_LipFuzer_LIPFuzer.exe. This could be caused by missing DLC or a modified installation.
00:00:52.169 [INFO] (Wabbajack.Installer.StandardInstaller) Downloading Tools_redist_VC_redist.x64.exe
00:00:52.169 [ERROR] (Wabbajack.Installer.StandardInstaller) Missing game file Tools_redist_VC_redist.x64.exe. This could be caused by missing DLC or a modified installation.
00:00:52.169 [INFO] (Wabbajack.Installer.StandardInstaller) Downloading lex_ssceca2.clx
00:00:52.169 [ERROR] (Wabbajack.Installer.StandardInstaller) Missing game file lex_ssceca2.clx. This could be caused by missing DLC or a modified installation.
00:00:52.169 [INFO] (Wabbajack.Installer.StandardInstaller) Downloading Tools_AssetWatcher_Qt5Widgets.dll
00:00:52.169 [ERROR] (Wabbajack.Installer.StandardInstaller) Missing game file Tools_AssetWatcher_Qt5Widgets.dll. This could be caused by missing DLC or a modified installation.
00:00:52.169 [INFO] (Wabbajack.Installer.StandardInstaller) Downloading Tools_AssetWatcher_Qt5Network.dll
00:00:52.169 [ERROR] (Wabbajack.Installer.StandardInstaller) Missing game file Tools_AssetWatcher_Qt5Network.dll. This could be caused by missing DLC or a modified installation.
00:00:52.169 [INFO] (Wabbajack.Installer.StandardInstaller) Downloading Tools_AssetWatcher_styles_qwindowsvistastyle.dll
00:00:52.169 [ERROR] (Wabbajack.Installer.StandardInstaller) Missing game file Tools_AssetWatcher_styles_qwindowsvistastyle.dll. This could be caused by missing DLC or a modified installation.
00:00:52.169 [INFO] (Wabbajack.Installer.StandardInstaller) Downloading Tools_ArtTools_Blender_io_scene_bsfbx_skyrim.zip
00:00:52.169 [ERROR] (Wabbajack.Installer.StandardInstaller) Missing game file Tools_ArtTools_Blender_io_scene_bsfbx_skyrim.zip. This could be caused by missing DLC or a modified installation.
00:00:52.169 [INFO] (Wabbajack.Installer.StandardInstaller) Downloading Tools_redist_dxwebsetup.exe
00:00:52.169 [ERROR] (Wabbajack.Installer.StandardInstaller) Missing game file Tools_redist_dxwebsetup.exe. This could be caused by missing DLC or a modified installation.
00:00:52.169 [INFO] (Wabbajack.Installer.StandardInstaller) Downloading Tools_AssetWatcher_Plugins_Skyrim_BSFBXDLL.dll
00:00:52.169 [ERROR] (Wabbajack.Installer.StandardInstaller) Missing game file Tools_AssetWatcher_Plugins_Skyrim_BSFBXDLL.dll. This could be caused by missing DLC or a modified installation.
00:00:52.169 [INFO] (Wabbajack.Installer.StandardInstaller) Downloading SkyrimReservedAddOnIndexes.txt
00:00:52.169 [ERROR] (Wabbajack.Installer.StandardInstaller) Missing game file SkyrimReservedAddOnIndexes.txt. This could be caused by missing DLC or a modified installation.
00:00:52.169 [INFO] (Wabbajack.Installer.StandardInstaller) Downloading Tools_LipGen_LipGenerator_LipGenerator.exe
00:00:52.169 [ERROR] (Wabbajack.Installer.StandardInstaller) Missing game file Tools_LipGen_LipGenerator_LipGenerator.exe. This could be caused by missing DLC or a modified installation.
00:00:52.169 [INFO] (Wabbajack.Installer.StandardInstaller) Downloading Tools_AssetWatcher_platforms_qminimal.dll
00:00:52.169 [ERROR] (Wabbajack.Installer.StandardInstaller) Missing game file Tools_AssetWatcher_platforms_qminimal.dll. This could be caused by missing DLC or a modified installation.
00:00:52.169 [INFO] (Wabbajack.Installer.StandardInstaller) Downloading flowchartx64.dll
00:00:52.169 [ERROR] (Wabbajack.Installer.StandardInstaller) Missing game file flowchartx64.dll. This could be caused by missing DLC or a modified installation.
00:00:52.169 [INFO] (Wabbajack.Installer.StandardInstaller) Downloading Tools_LipGen_LipFuzer_LIPFuzer.txt
00:00:52.169 [ERROR] (Wabbajack.Installer.StandardInstaller) Missing game file Tools_LipGen_LipFuzer_LIPFuzer.txt. This could be caused by missing DLC or a modified installation.
00:00:52.169 [INFO] (Wabbajack.Installer.StandardInstaller) Downloading Tools_Audio_xwmaencode.exe
00:00:52.169 [ERROR] (Wabbajack.Installer.StandardInstaller) Missing game file Tools_Audio_xwmaencode.exe. This could be caused by missing DLC or a modified installation.
00:00:52.169 [INFO] (Wabbajack.Installer.StandardInstaller) Downloading lex_sscebr2.clx
00:00:52.169 [ERROR] (Wabbajack.Installer.StandardInstaller) Missing game file lex_sscebr2.clx. This could be caused by missing DLC or a modified installation.
00:00:52.169 [INFO] (Wabbajack.Installer.StandardInstaller) Downloading Tools_AssetWatcher_Plugins_Skyrim_Meshes_Settings.json
00:00:52.169 [ERROR] (Wabbajack.Installer.StandardInstaller) Missing game file Tools_AssetWatcher_Plugins_Skyrim_Meshes_Settings.json. This could be caused by missing DLC or a modified installation.
00:00:52.169 [INFO] (Wabbajack.Installer.StandardInstaller) Downloading Tools_AssetWatcher_Qt5Gui.dll
00:00:52.169 [ERROR] (Wabbajack.Installer.StandardInstaller) Missing game file Tools_AssetWatcher_Qt5Gui.dll. This could be caused by missing DLC or a modified installation.
00:00:52.169 [INFO] (Wabbajack.Installer.StandardInstaller) Downloading lex_ssceam.tlx
00:00:52.169 [ERROR] (Wabbajack.Installer.StandardInstaller) Missing game file lex_ssceam.tlx. This could be caused by missing DLC or a modified installation.
00:00:52.169 [INFO] (Wabbajack.Installer.StandardInstaller) Downloading Tools_HavokBehaviorPostProcess_readme.txt
00:00:52.169 [ERROR] (Wabbajack.Installer.StandardInstaller) Missing game file Tools_HavokBehaviorPostProcess_readme.txt. This could be caused by missing DLC or a modified installation.
00:00:52.169 [INFO] (Wabbajack.Installer.StandardInstaller) Downloading Tools_AssetWatcher_styles_Default.css
00:00:52.169 [ERROR] (Wabbajack.Installer.StandardInstaller) Missing game file Tools_AssetWatcher_styles_Default.css. This could be caused by missing DLC or a modified installation.
00:00:52.169 [INFO] (Wabbajack.Installer.StandardInstaller) Downloading Tools_RoboVoicer.exe
00:00:52.169 [ERROR] (Wabbajack.Installer.StandardInstaller) Missing game file Tools_RoboVoicer.exe. This could be caused by missing DLC or a modified installation.
00:00:52.169 [INFO] (Wabbajack.Installer.StandardInstaller) Downloading lex_tech.tlx
00:00:52.169 [ERROR] (Wabbajack.Installer.StandardInstaller) Missing game file lex_tech.tlx. This could be caused by missing DLC or a modified installation.
00:00:52.169 [INFO] (Wabbajack.Installer.StandardInstaller) Downloading CreationKit.ini
00:00:52.169 [ERROR] (Wabbajack.Installer.StandardInstaller) Missing game file CreationKit.ini. This could be caused by missing DLC or a modified installation.
00:00:52.169 [INFO] (Wabbajack.Installer.StandardInstaller) Downloading lex_User_userdic.tlx
00:00:52.169 [ERROR] (Wabbajack.Installer.StandardInstaller) Missing game file lex_User_userdic.tlx. This could be caused by missing DLC or a modified installation.
00:00:52.169 [INFO] (Wabbajack.Installer.StandardInstaller) Downloading Tools_AssetWatcher_AssetWatcher.exe
00:00:52.169 [ERROR] (Wabbajack.Installer.StandardInstaller) Missing game file Tools_AssetWatcher_AssetWatcher.exe. This could be caused by missing DLC or a modified installation.
00:00:52.169 [INFO] (Wabbajack.Installer.StandardInstaller) Downloading Tools_Exporting Blender Art Assets for Skyrim.pdf
00:00:52.169 [ERROR] (Wabbajack.Installer.StandardInstaller) Missing game file Tools_Exporting Blender Art Assets for Skyrim.pdf. This could be caused by missing DLC or a modified installation.
00:00:52.169 [INFO] (Wabbajack.Installer.StandardInstaller) Downloading Tools_Elric_xtexconv.exe
00:00:52.169 [ERROR] (Wabbajack.Installer.StandardInstaller) Missing game file Tools_Elric_xtexconv.exe. This could be caused by missing DLC or a modified installation.
00:00:52.169 [INFO] (Wabbajack.Installer.StandardInstaller) Downloading lex_sscebr.tlx
00:00:52.169 [ERROR] (Wabbajack.Installer.StandardInstaller) Missing game file lex_sscebr.tlx. This could be caused by missing DLC or a modified installation.
00:00:52.169 [INFO] (Wabbajack.Installer.StandardInstaller) Next Step: Hashing Archives
00:00:52.169 [INFO] (Wabbajack.Installer.StandardInstaller) Looking for files to hash
00:00:52.202 [INFO] (Wabbajack.Installer.StandardInstaller) Getting archive sizes
00:00:52.306 [INFO] (Wabbajack.Installer.StandardInstaller) Linking archives to downloads
00:00:52.306 [INFO] (Wabbajack.Installer.StandardInstaller) Found 27865 total files, 193 matching filesize
00:00:52.322 [FATAL] (Wabbajack.Installer.StandardInstaller) Unable to download lex_sscebr.tlx (GameFileSourceDownloader+State|SkyrimSpecialEdition|1.6.1170.0|lex\sscebr.tlx)
00:00:52.322 [FATAL] (Wabbajack.Installer.StandardInstaller) Unable to download lex_accent.tlx (GameFileSourceDownloader+State|SkyrimSpecialEdition|1.6.1170.0|lex\accent.tlx)
00:00:52.322 [FATAL] (Wabbajack.Installer.StandardInstaller) Unable to download Tools_AssetWatcher_AssetWatcher.exe (GameFileSourceDownloader+State|SkyrimSpecialEdition|1.6.1170.0|tools\assetwatcher\assetwatcher.exe)
00:00:52.322 [FATAL] (Wabbajack.Installer.StandardInstaller) Unable to download lex_User_userdic.tlx (GameFileSourceDownloader+State|SkyrimSpecialEdition|1.6.1170.0|lex\user\userdic.tlx)
00:00:52.322 [FATAL] (Wabbajack.Installer.StandardInstaller) Unable to download Tools_redist_VC_redist.x64.exe (GameFileSourceDownloader+State|SkyrimSpecialEdition|1.6.1170.0|tools\redist\vc_redist.x64.exe)
00:00:52.322 [FATAL] (Wabbajack.Installer.StandardInstaller) Unable to download Tools_AssetWatcher_platforms_qoffscreen.dll (GameFileSourceDownloader+State|SkyrimSpecialEdition|1.6.1170.0|tools\assetwatcher\platforms\qoffscreen.dll)
00:00:52.322 [FATAL] (Wabbajack.Installer.StandardInstaller) Unable to download Tools_LipGen_LipFuzer_LIPFuzer.txt (GameFileSourceDownloader+State|SkyrimSpecialEdition|1.6.1170.0|tools\lipgen\lipfuzer\lipfuzer.txt)
00:00:52.322 [FATAL] (Wabbajack.Installer.StandardInstaller) Unable to download lex_sscebr2.clx (GameFileSourceDownloader+State|SkyrimSpecialEdition|1.6.1170.0|lex\sscebr2.clx)
00:00:52.322 [FATAL] (Wabbajack.Installer.StandardInstaller) Unable to download lex_ssceam.tlx (GameFileSourceDownloader+State|SkyrimSpecialEdition|1.6.1170.0|lex\ssceam.tlx)
00:00:52.322 [FATAL] (Wabbajack.Installer.StandardInstaller) Unable to download Tools_Exporting Blender Art Assets for Skyrim.pdf (GameFileSourceDownloader+State|SkyrimSpecialEdition|1.6.1170.0|tools\exporting blender art assets for skyrim.pdf)
00:00:52.322 [FATAL] (Wabbajack.Installer.StandardInstaller) Unable to download Tools_AssetWatcher_Qt5Core.dll (GameFileSourceDownloader+State|SkyrimSpecialEdition|1.6.1170.0|tools\assetwatcher\qt5core.dll)
00:00:52.322 [FATAL] (Wabbajack.Installer.StandardInstaller) Unable to download Tools_Archive_Archive.exe (GameFileSourceDownloader+State|SkyrimSpecialEdition|1.6.1170.0|tools\archive\archive.exe)
00:00:52.322 [FATAL] (Wabbajack.Installer.StandardInstaller) Unable to download Tools_AssetWatcher_platforms_qwindows.dll (GameFileSourceDownloader+State|SkyrimSpecialEdition|1.6.1170.0|tools\assetwatcher\platforms\qwindows.dll)
00:00:52.322 [FATAL] (Wabbajack.Installer.StandardInstaller) Unable to download lex_ssceam2.clx (GameFileSourceDownloader+State|SkyrimSpecialEdition|1.6.1170.0|lex\ssceam2.clx)
00:00:52.322 [FATAL] (Wabbajack.Installer.StandardInstaller) Unable to download Tools_RoboVoicer.exe (GameFileSourceDownloader+State|SkyrimSpecialEdition|1.6.1170.0|tools\robovoicer.exe)
00:00:52.322 [FATAL] (Wabbajack.Installer.StandardInstaller) Unable to download Tools_AssetWatcher_Qt5Gui.dll (GameFileSourceDownloader+State|SkyrimSpecialEdition|1.6.1170.0|tools\assetwatcher\qt5gui.dll)
00:00:52.322 [FATAL] (Wabbajack.Installer.StandardInstaller) Unable to download Tools_AssetWatcher_styles_Default.css (GameFileSourceDownloader+State|SkyrimSpecialEdition|1.6.1170.0|tools\assetwatcher\styles\default.css)
00:00:52.322 [FATAL] (Wabbajack.Installer.StandardInstaller) Unable to download Tools_LipGen_LipGenerator_LipGenerator.exe (GameFileSourceDownloader+State|SkyrimSpecialEdition|1.6.1170.0|tools\lipgen\lipgenerator\lipgenerator.exe)
00:00:52.322 [FATAL] (Wabbajack.Installer.StandardInstaller) Unable to download p4com64.dll (GameFileSourceDownloader+State|SkyrimSpecialEdition|1.6.1170.0|p4com64.dll)
00:00:52.322 [FATAL] (Wabbajack.Installer.StandardInstaller) Unable to download lex_ssceca2.clx (GameFileSourceDownloader+State|SkyrimSpecialEdition|1.6.1170.0|lex\ssceca2.clx)
00:00:52.322 [FATAL] (Wabbajack.Installer.StandardInstaller) Unable to download Tools_AssetWatcher_Qt5Network.dll (GameFileSourceDownloader+State|SkyrimSpecialEdition|1.6.1170.0|tools\assetwatcher\qt5network.dll)
00:00:52.322 [FATAL] (Wabbajack.Installer.StandardInstaller) Unable to download Tools_AssetWatcher_styles_qwindowsvistastyle.dll (GameFileSourceDownloader+State|SkyrimSpecialEdition|1.6.1170.0|tools\assetwatcher\styles\qwindowsvistastyle.dll)
00:00:52.322 [FATAL] (Wabbajack.Installer.StandardInstaller) Unable to download lex_tech.tlx (GameFileSourceDownloader+State|SkyrimSpecialEdition|1.6.1170.0|lex\tech.tlx)
00:00:52.322 [FATAL] (Wabbajack.Installer.StandardInstaller) Unable to download Tools_AssetWatcher_Qt5Svg.dll (GameFileSourceDownloader+State|SkyrimSpecialEdition|1.6.1170.0|tools\assetwatcher\qt5svg.dll)
00:00:52.322 [FATAL] (Wabbajack.Installer.StandardInstaller) Unable to download Tools_LipGen_LipFuzer_LIPFuzer.exe (GameFileSourceDownloader+State|SkyrimSpecialEdition|1.6.1170.0|tools\lipgen\lipfuzer\lipfuzer.exe)
00:00:52.322 [FATAL] (Wabbajack.Installer.StandardInstaller) Unable to download SkyrimReservedAddOnIndexes.txt (GameFileSourceDownloader+State|SkyrimSpecialEdition|1.6.1170.0|skyrimreservedaddonindexes.txt)
00:00:52.322 [FATAL] (Wabbajack.Installer.StandardInstaller) Unable to download Tools_AssetWatcher_Qt5Widgets.dll (GameFileSourceDownloader+State|SkyrimSpecialEdition|1.6.1170.0|tools\assetwatcher\qt5widgets.dll)
00:00:52.322 [FATAL] (Wabbajack.Installer.StandardInstaller) Unable to download Tools_AssetWatcher_SettingsGeneration.py (GameFileSourceDownloader+State|SkyrimSpecialEdition|1.6.1170.0|tools\assetwatcher\settingsgeneration.py)
00:00:52.322 [FATAL] (Wabbajack.Installer.StandardInstaller) Unable to download Tools_Audio_xwmaencode.exe (GameFileSourceDownloader+State|SkyrimSpecialEdition|1.6.1170.0|tools\audio\xwmaencode.exe)
00:00:52.322 [FATAL] (Wabbajack.Installer.StandardInstaller) Unable to download Tools_AssetWatcher_Plugins_Skyrim_BSFBXDLL.dll (GameFileSourceDownloader+State|SkyrimSpecialEdition|1.6.1170.0|tools\assetwatcher\plugins\skyrim\bsfbxdll.dll)
00:00:52.322 [FATAL] (Wabbajack.Installer.StandardInstaller) Unable to download Tools_Elric_xg.dll (GameFileSourceDownloader+State|SkyrimSpecialEdition|1.6.1170.0|tools\elric\xg.dll)
00:00:52.322 [FATAL] (Wabbajack.Installer.StandardInstaller) Unable to download Tools_ArtTools_Blender_bgs_skyrim_tools.zip (GameFileSourceDownloader+State|SkyrimSpecialEdition|1.6.1170.0|tools\arttools\blender\bgs_skyrim_tools.zip)
00:00:52.322 [FATAL] (Wabbajack.Installer.StandardInstaller) Unable to download Tools_AssetWatcher_Plugins_Skyrim_Meshes_Settings.json (GameFileSourceDownloader+State|SkyrimSpecialEdition|1.6.1170.0|tools\assetwatcher\plugins\skyrim\meshes_settings.json)
00:00:52.322 [FATAL] (Wabbajack.Installer.StandardInstaller) Unable to download Papyrus Compiler_PapyrusCompiler.exe (GameFileSourceDownloader+State|SkyrimSpecialEdition|1.6.1170.0|papyrus compiler\papyruscompiler.exe)
00:00:52.322 [FATAL] (Wabbajack.Installer.StandardInstaller) Unable to download Tools_Elric_xtexconv.exe (GameFileSourceDownloader+State|SkyrimSpecialEdition|1.6.1170.0|tools\elric\xtexconv.exe)
00:00:52.322 [FATAL] (Wabbajack.Installer.StandardInstaller) Unable to download Tools_ArtTools_Blender_io_scene_bsfbx_skyrim.zip (GameFileSourceDownloader+State|SkyrimSpecialEdition|1.6.1170.0|tools\arttools\blender\io_scene_bsfbx_skyrim.zip)
00:00:52.322 [FATAL] (Wabbajack.Installer.StandardInstaller) Unable to download Tools_AssetWatcher_platforms_qminimal.dll (GameFileSourceDownloader+State|SkyrimSpecialEdition|1.6.1170.0|tools\assetwatcher\platforms\qminimal.dll)
00:00:52.322 [FATAL] (Wabbajack.Installer.StandardInstaller) Unable to download CreationKit.exe (GameFileSourceDownloader+State|SkyrimSpecialEdition|1.6.1170.0|creationkit.exe)
00:00:52.322 [FATAL] (Wabbajack.Installer.StandardInstaller) Unable to download Papyrus Compiler_ScriptCompile.bat (GameFileSourceDownloader+State|SkyrimSpecialEdition|1.6.1170.0|papyrus compiler\scriptcompile.bat)
00:00:52.322 [FATAL] (Wabbajack.Installer.StandardInstaller) Unable to download Tools_HavokBehaviorPostProcess_readme.txt (GameFileSourceDownloader+State|SkyrimSpecialEdition|1.6.1170.0|tools\havokbehaviorpostprocess\readme.txt)
00:00:52.322 [FATAL] (Wabbajack.Installer.StandardInstaller) Unable to download CreationKit.ini (GameFileSourceDownloader+State|SkyrimSpecialEdition|1.6.1170.0|creationkit.ini)
00:00:52.322 [FATAL] (Wabbajack.Installer.StandardInstaller) Unable to download Tools_HavokBehaviorPostProcess_UpgradeHavokBehavior.bat (GameFileSourceDownloader+State|SkyrimSpecialEdition|1.6.1170.0|tools\havokbehaviorpostprocess\upgradehavokbehavior.bat)
00:00:52.322 [FATAL] (Wabbajack.Installer.StandardInstaller) Unable to download lex_User_correct.tlx (GameFileSourceDownloader+State|SkyrimSpecialEdition|1.6.1170.0|lex\user\correct.tlx)
00:00:52.322 [FATAL] (Wabbajack.Installer.StandardInstaller) Unable to download Tools_redist_dxwebsetup.exe (GameFileSourceDownloader+State|SkyrimSpecialEdition|1.6.1170.0|tools\redist\dxwebsetup.exe)
00:00:52.322 [FATAL] (Wabbajack.Installer.StandardInstaller) Unable to download flowchartx64.dll (GameFileSourceDownloader+State|SkyrimSpecialEdition|1.6.1170.0|flowchartx64.dll)
00:00:52.322 [FATAL] (Wabbajack.Installer.StandardInstaller) Cannot continue, was unable to download one or more archives
00:00:56.825 [INFO] (Wabbajack.InstallationVM) Writing Manual helper report
00:01:30.527 [INFO] (Wabbajack.InstallationVM) Preparing HttpDownloader
00:01:30.527 [INFO] (Wabbajack.InstallationVM) Preparing NexusDownloader
00:01:30.527 [INFO] (Wabbajack.InstallationVM) Preparing WabbajackCDNDownloader
00:01:30.527 [INFO] (Wabbajack.InstallationVM) Preparing GameFileDownloader
00:01:30.564 [INFO] (Wabbajack.InstallationVM) Starting installation of Chaos Mage 1.3.3.0:
00:01:30.564 [INFO] (Wabbajack.InstallationVM)     Installation folder: E:\ChaosMage
00:01:30.564 [INFO] (Wabbajack.InstallationVM)     Downloads folder: F:\Archive\downloads\ChaosMage
00:01:30.564 [INFO] (Wabbajack.InstallationVM)     Modlist file location: D:\Wabbajack\4.0.5.1\downloaded_mod_lists\OmnisWorld_@@_Chaos-Mage-Randomized-Challenge.wabbajack
00:01:30.564 [INFO] (Wabbajack.InstallationVM)     Game: SkyrimSpecialEdition
00:01:30.564 [INFO] (Wabbajack.InstallationVM)     Game folder: D:\SteamLibrary\steamapps\common\Skyrim Special Edition
00:01:30.564 [INFO] (Wabbajack.InstallationVM)     Other games that can be sourced from: 
00:01:30.564 [INFO] (Wabbajack.Installer.StandardInstaller) Installing: Chaos Mage - 1.3.3.0
00:01:30.666 [INFO] (Wabbajack.Installer.StandardInstaller) Next Step: Configuring Installer
00:01:30.666 [INFO] (Wabbajack.Installer.StandardInstaller) Configuring Processor
00:01:30.666 [INFO] (Wabbajack.Installer.StandardInstaller) Install Folder: E:\ChaosMage
00:01:30.666 [INFO] (Wabbajack.Installer.StandardInstaller) Downloads Folder: F:\Archive\downloads\ChaosMage
00:01:30.666 [INFO] (Wabbajack.Installer.StandardInstaller) Game Folder: D:\SteamLibrary\steamapps\common\Skyrim Special Edition
00:01:30.666 [INFO] (Wabbajack.Installer.StandardInstaller) Wabbajack Folder: D:\Wabbajack\4.0.5.1
00:01:30.666 [INFO] (Wabbajack.Installer.StandardInstaller) Optimizing ModList directives
00:01:30.682 [INFO] (Wabbajack.Installer.StandardInstaller) Next Step: Looking for files to delete
00:01:30.682 [INFO] (Wabbajack.Installer.StandardInstaller) Next Step: Cleaning empty folders
00:01:30.682 [INFO] (Wabbajack.Installer.StandardInstaller) Next Step: Looking for unmodified files
00:01:30.682 [INFO] (Wabbajack.Installer.StandardInstaller) Next Step: Updating ModList
00:01:30.682 [INFO] (Wabbajack.Installer.StandardInstaller) Optimized 4457 directives to 4457 required
00:01:30.697 [INFO] (Wabbajack.Installer.StandardInstaller) Next Step: Hashing Archives
00:01:30.697 [INFO] (Wabbajack.Installer.StandardInstaller) Looking for files to hash
00:01:30.721 [INFO] (Wabbajack.Installer.StandardInstaller) Getting archive sizes
00:01:30.779 [INFO] (Wabbajack.Installer.StandardInstaller) Linking archives to downloads
00:01:30.779 [INFO] (Wabbajack.Installer.StandardInstaller) Found 27865 total files, 193 matching filesize
00:01:30.779 [INFO] (Wabbajack.Installer.StandardInstaller) Missing 45 archives
00:01:30.779 [INFO] (Wabbajack.Installer.StandardInstaller) Downloading validation data
00:01:30.822 [INFO] (Wabbajack.Installer.StandardInstaller) Validating Archives
00:01:30.822 [INFO] (Wabbajack.Installer.StandardInstaller) Downloading missing archives
00:01:30.822 [INFO] (Wabbajack.Installer.StandardInstaller) Downloading 45 archives
00:01:30.822 [INFO] (Wabbajack.Installer.StandardInstaller) Next Step: Downloading files
00:01:30.822 [INFO] (Wabbajack.Installer.StandardInstaller) Downloading Tools_AssetWatcher_Qt5Widgets.dll
00:01:30.822 [ERROR] (Wabbajack.Installer.StandardInstaller) Missing game file Tools_AssetWatcher_Qt5Widgets.dll. This could be caused by missing DLC or a modified installation.
00:01:30.822 [INFO] (Wabbajack.Installer.StandardInstaller) Downloading lex_accent.tlx
00:01:30.822 [ERROR] (Wabbajack.Installer.StandardInstaller) Missing game file lex_accent.tlx. This could be caused by missing DLC or a modified installation.
00:01:30.822 [INFO] (Wabbajack.Installer.StandardInstaller) Downloading Tools_ArtTools_Blender_bgs_skyrim_tools.zip
00:01:30.822 [ERROR] (Wabbajack.Installer.StandardInstaller) Missing game file Tools_ArtTools_Blender_bgs_skyrim_tools.zip. This could be caused by missing DLC or a modified installation.
00:01:30.822 [INFO] (Wabbajack.Installer.StandardInstaller) Downloading Tools_Elric_xg.dll
00:01:30.822 [ERROR] (Wabbajack.Installer.StandardInstaller) Missing game file Tools_Elric_xg.dll. This could be caused by missing DLC or a modified installation.
00:01:30.822 [INFO] (Wabbajack.Installer.StandardInstaller) Downloading Tools_redist_VC_redist.x64.exe
00:01:30.822 [ERROR] (Wabbajack.Installer.StandardInstaller) Missing game file Tools_redist_VC_redist.x64.exe. This could be caused by missing DLC or a modified installation.
00:01:30.822 [INFO] (Wabbajack.Installer.StandardInstaller) Downloading Tools_ArtTools_Blender_io_scene_bsfbx_skyrim.zip
00:01:30.822 [ERROR] (Wabbajack.Installer.StandardInstaller) Missing game file Tools_ArtTools_Blender_io_scene_bsfbx_skyrim.zip. This could be caused by missing DLC or a modified installation.
00:01:30.822 [INFO] (Wabbajack.Installer.StandardInstaller) Downloading Tools_LipGen_LipFuzer_LIPFuzer.txt
00:01:30.822 [ERROR] (Wabbajack.Installer.StandardInstaller) Missing game file Tools_LipGen_LipFuzer_LIPFuzer.txt. This could be caused by missing DLC or a modified installation.
00:01:30.822 [INFO] (Wabbajack.Installer.StandardInstaller) Downloading lex_tech.tlx
00:01:30.822 [ERROR] (Wabbajack.Installer.StandardInstaller) Missing game file lex_tech.tlx. This could be caused by missing DLC or a modified installation.
00:01:30.822 [INFO] (Wabbajack.Installer.StandardInstaller) Downloading Tools_AssetWatcher_Qt5Network.dll
00:01:30.822 [ERROR] (Wabbajack.Installer.StandardInstaller) Missing game file Tools_AssetWatcher_Qt5Network.dll. This could be caused by missing DLC or a modified installation.
00:01:30.822 [INFO] (Wabbajack.Installer.StandardInstaller) Downloading Tools_AssetWatcher_SettingsGeneration.py
00:01:30.822 [ERROR] (Wabbajack.Installer.StandardInstaller) Missing game file Tools_AssetWatcher_SettingsGeneration.py. This could be caused by missing DLC or a modified installation.
00:01:30.822 [INFO] (Wabbajack.Installer.StandardInstaller) Downloading flowchartx64.dll
00:01:30.822 [ERROR] (Wabbajack.Installer.StandardInstaller) Missing game file flowchartx64.dll. This could be caused by missing DLC or a modified installation.
00:01:30.822 [INFO] (Wabbajack.Installer.StandardInstaller) Downloading Tools_HavokBehaviorPostProcess_readme.txt
00:01:30.822 [ERROR] (Wabbajack.Installer.StandardInstaller) Missing game file Tools_HavokBehaviorPostProcess_readme.txt. This could be caused by missing DLC or a modified installation.
00:01:30.822 [INFO] (Wabbajack.Installer.StandardInstaller) Downloading Tools_Archive_Archive.exe
00:01:30.822 [ERROR] (Wabbajack.Installer.StandardInstaller) Missing game file Tools_Archive_Archive.exe. This could be caused by missing DLC or a modified installation.
00:01:30.822 [INFO] (Wabbajack.Installer.StandardInstaller) Downloading CreationKit.exe
00:01:30.822 [ERROR] (Wabbajack.Installer.StandardInstaller) Missing game file CreationKit.exe. This could be caused by missing DLC or a modified installation.
00:01:30.822 [INFO] (Wabbajack.Installer.StandardInstaller) Downloading Tools_AssetWatcher_AssetWatcher.exe
00:01:30.822 [ERROR] (Wabbajack.Installer.StandardInstaller) Missing game file Tools_AssetWatcher_AssetWatcher.exe. This could be caused by missing DLC or a modified installation.
00:01:30.822 [INFO] (Wabbajack.Installer.StandardInstaller) Downloading Tools_AssetWatcher_platforms_qoffscreen.dll
00:01:30.822 [ERROR] (Wabbajack.Installer.StandardInstaller) Missing game file Tools_AssetWatcher_platforms_qoffscreen.dll. This could be caused by missing DLC or a modified installation.
00:01:30.822 [INFO] (Wabbajack.Installer.StandardInstaller) Downloading Tools_AssetWatcher_styles_Default.css
00:01:30.822 [ERROR] (Wabbajack.Installer.StandardInstaller) Missing game file Tools_AssetWatcher_styles_Default.css. This could be caused by missing DLC or a modified installation.
00:01:30.822 [INFO] (Wabbajack.Installer.StandardInstaller) Downloading Papyrus Compiler_PapyrusCompiler.exe
00:01:30.822 [ERROR] (Wabbajack.Installer.StandardInstaller) Missing game file Papyrus Compiler_PapyrusCompiler.exe. This could be caused by missing DLC or a modified installation.
00:01:30.822 [INFO] (Wabbajack.Installer.StandardInstaller) Downloading Tools_RoboVoicer.exe
00:01:30.822 [ERROR] (Wabbajack.Installer.StandardInstaller) Missing game file Tools_RoboVoicer.exe. This could be caused by missing DLC or a modified installation.
00:01:30.822 [INFO] (Wabbajack.Installer.StandardInstaller) Downloading lex_ssceca2.clx
00:01:30.822 [ERROR] (Wabbajack.Installer.StandardInstaller) Missing game file lex_ssceca2.clx. This could be caused by missing DLC or a modified installation.
00:01:30.822 [INFO] (Wabbajack.Installer.StandardInstaller) Downloading lex_sscebr.tlx
00:01:30.822 [ERROR] (Wabbajack.Installer.StandardInstaller) Missing game file lex_sscebr.tlx. This could be caused by missing DLC or a modified installation.
00:01:30.822 [INFO] (Wabbajack.Installer.StandardInstaller) Downloading Tools_Audio_xwmaencode.exe
00:01:30.822 [ERROR] (Wabbajack.Installer.StandardInstaller) Missing game file Tools_Audio_xwmaencode.exe. This could be caused by missing DLC or a modified installation.
00:01:30.822 [INFO] (Wabbajack.Installer.StandardInstaller) Downloading Tools_HavokBehaviorPostProcess_UpgradeHavokBehavior.bat
00:01:30.822 [ERROR] (Wabbajack.Installer.StandardInstaller) Missing game file Tools_HavokBehaviorPostProcess_UpgradeHavokBehavior.bat. This could be caused by missing DLC or a modified installation.
00:01:30.822 [INFO] (Wabbajack.Installer.StandardInstaller) Downloading lex_User_userdic.tlx
00:01:30.822 [ERROR] (Wabbajack.Installer.StandardInstaller) Missing game file lex_User_userdic.tlx. This could be caused by missing DLC or a modified installation.
00:01:30.822 [INFO] (Wabbajack.Installer.StandardInstaller) Downloading Tools_AssetWatcher_Plugins_Skyrim_Meshes_Settings.json
00:01:30.822 [ERROR] (Wabbajack.Installer.StandardInstaller) Missing game file Tools_AssetWatcher_Plugins_Skyrim_Meshes_Settings.json. This could be caused by missing DLC or a modified installation.
00:01:30.822 [INFO] (Wabbajack.Installer.StandardInstaller) Downloading SkyrimReservedAddOnIndexes.txt
00:01:30.822 [ERROR] (Wabbajack.Installer.StandardInstaller) Missing game file SkyrimReservedAddOnIndexes.txt. This could be caused by missing DLC or a modified installation.
00:01:30.822 [INFO] (Wabbajack.Installer.StandardInstaller) Downloading Tools_AssetWatcher_platforms_qminimal.dll
00:01:30.822 [ERROR] (Wabbajack.Installer.StandardInstaller) Missing game file Tools_AssetWatcher_platforms_qminimal.dll. This could be caused by missing DLC or a modified installation.
00:01:30.822 [INFO] (Wabbajack.Installer.StandardInstaller) Downloading Tools_Exporting Blender Art Assets for Skyrim.pdf
00:01:30.822 [ERROR] (Wabbajack.Installer.StandardInstaller) Missing game file Tools_Exporting Blender Art Assets for Skyrim.pdf. This could be caused by missing DLC or a modified installation.
00:01:30.822 [INFO] (Wabbajack.Installer.StandardInstaller) Downloading Tools_LipGen_LipFuzer_LIPFuzer.exe
00:01:30.822 [ERROR] (Wabbajack.Installer.StandardInstaller) Missing game file Tools_LipGen_LipFuzer_LIPFuzer.exe. This could be caused by missing DLC or a modified installation.
00:01:30.822 [INFO] (Wabbajack.Installer.StandardInstaller) Downloading Tools_AssetWatcher_Plugins_Skyrim_BSFBXDLL.dll
00:01:30.822 [ERROR] (Wabbajack.Installer.StandardInstaller) Missing game file Tools_AssetWatcher_Plugins_Skyrim_BSFBXDLL.dll. This could be caused by missing DLC or a modified installation.
00:01:30.822 [INFO] (Wabbajack.Installer.StandardInstaller) Downloading lex_sscebr2.clx
00:01:30.822 [ERROR] (Wabbajack.Installer.StandardInstaller) Missing game file lex_sscebr2.clx. This could be caused by missing DLC or a modified installation.
00:01:30.822 [INFO] (Wabbajack.Installer.StandardInstaller) Downloading CreationKit.ini
00:01:30.822 [ERROR] (Wabbajack.Installer.StandardInstaller) Missing game file CreationKit.ini. This could be caused by missing DLC or a modified installation.
00:01:30.822 [INFO] (Wabbajack.Installer.StandardInstaller) Downloading Tools_AssetWatcher_Qt5Core.dll
00:01:30.822 [ERROR] (Wabbajack.Installer.StandardInstaller) Missing game file Tools_AssetWatcher_Qt5Core.dll. This could be caused by missing DLC or a modified installation.
00:01:30.822 [INFO] (Wabbajack.Installer.StandardInstaller) Downloading Papyrus Compiler_ScriptCompile.bat
00:01:30.822 [ERROR] (Wabbajack.Installer.StandardInstaller) Missing game file Papyrus Compiler_ScriptCompile.bat. This could be caused by missing DLC or a modified installation.
00:01:30.822 [INFO] (Wabbajack.Installer.StandardInstaller) Downloading Tools_Elric_xtexconv.exe
00:01:30.822 [ERROR] (Wabbajack.Installer.StandardInstaller) Missing game file Tools_Elric_xtexconv.exe. This could be caused by missing DLC or a modified installation.
00:01:30.822 [INFO] (Wabbajack.Installer.StandardInstaller) Downloading Tools_AssetWatcher_platforms_qwindows.dll
00:01:30.822 [ERROR] (Wabbajack.Installer.StandardInstaller) Missing game file Tools_AssetWatcher_platforms_qwindows.dll. This could be caused by missing DLC or a modified installation.
00:01:30.822 [INFO] (Wabbajack.Installer.StandardInstaller) Downloading lex_User_correct.tlx
00:01:30.822 [ERROR] (Wabbajack.Installer.StandardInstaller) Missing game file lex_User_correct.tlx. This could be caused by missing DLC or a modified installation.
00:01:30.822 [INFO] (Wabbajack.Installer.StandardInstaller) Downloading Tools_AssetWatcher_styles_qwindowsvistastyle.dll
00:01:30.822 [ERROR] (Wabbajack.Installer.StandardInstaller) Missing game file Tools_AssetWatcher_styles_qwindowsvistastyle.dll. This could be caused by missing DLC or a modified installation.
00:01:30.822 [INFO] (Wabbajack.Installer.StandardInstaller) Downloading p4com64.dll
00:01:30.822 [ERROR] (Wabbajack.Installer.StandardInstaller) Missing game file p4com64.dll. This could be caused by missing DLC or a modified installation.
00:01:30.822 [INFO] (Wabbajack.Installer.StandardInstaller) Downloading Tools_AssetWatcher_Qt5Gui.dll
00:01:30.822 [ERROR] (Wabbajack.Installer.StandardInstaller) Missing game file Tools_AssetWatcher_Qt5Gui.dll. This could be caused by missing DLC or a modified installation.
00:01:30.822 [INFO] (Wabbajack.Installer.StandardInstaller) Downloading lex_ssceam2.clx
00:01:30.822 [ERROR] (Wabbajack.Installer.StandardInstaller) Missing game file lex_ssceam2.clx. This could be caused by missing DLC or a modified installation.
00:01:30.822 [INFO] (Wabbajack.Installer.StandardInstaller) Downloading Tools_redist_dxwebsetup.exe
00:01:30.822 [ERROR] (Wabbajack.Installer.StandardInstaller) Missing game file Tools_redist_dxwebsetup.exe. This could be caused by missing DLC or a modified installation.
00:01:30.822 [INFO] (Wabbajack.Installer.StandardInstaller) Downloading lex_ssceam.tlx
00:01:30.822 [ERROR] (Wabbajack.Installer.StandardInstaller) Missing game file lex_ssceam.tlx. This could be caused by missing DLC or a modified installation.
00:01:30.822 [INFO] (Wabbajack.Installer.StandardInstaller) Downloading Tools_AssetWatcher_Qt5Svg.dll
00:01:30.822 [ERROR] (Wabbajack.Installer.StandardInstaller) Missing game file Tools_AssetWatcher_Qt5Svg.dll. This could be caused by missing DLC or a modified installation.
00:01:30.822 [INFO] (Wabbajack.Installer.StandardInstaller) Downloading Tools_LipGen_LipGenerator_LipGenerator.exe
00:01:30.822 [ERROR] (Wabbajack.Installer.StandardInstaller) Missing game file Tools_LipGen_LipGenerator_LipGenerator.exe. This could be caused by missing DLC or a modified installation.
00:01:30.822 [INFO] (Wabbajack.Installer.StandardInstaller) Next Step: Hashing Archives
00:01:30.822 [INFO] (Wabbajack.Installer.StandardInstaller) Looking for files to hash
00:01:30.849 [INFO] (Wabbajack.Installer.StandardInstaller) Getting archive sizes
00:01:30.902 [INFO] (Wabbajack.Installer.StandardInstaller) Linking archives to downloads
00:01:30.902 [INFO] (Wabbajack.Installer.StandardInstaller) Found 27865 total files, 193 matching filesize
00:01:30.902 [FATAL] (Wabbajack.Installer.StandardInstaller) Unable to download lex_sscebr.tlx (GameFileSourceDownloader+State|SkyrimSpecialEdition|1.6.1170.0|lex\sscebr.tlx)
00:01:30.902 [FATAL] (Wabbajack.Installer.StandardInstaller) Unable to download lex_accent.tlx (GameFileSourceDownloader+State|SkyrimSpecialEdition|1.6.1170.0|lex\accent.tlx)
00:01:30.902 [FATAL] (Wabbajack.Installer.StandardInstaller) Unable to download Tools_AssetWatcher_AssetWatcher.exe (GameFileSourceDownloader+State|SkyrimSpecialEdition|1.6.1170.0|tools\assetwatcher\assetwatcher.exe)
00:01:30.902 [FATAL] (Wabbajack.Installer.StandardInstaller) Unable to download lex_User_userdic.tlx (GameFileSourceDownloader+State|SkyrimSpecialEdition|1.6.1170.0|lex\user\userdic.tlx)
00:01:30.902 [FATAL] (Wabbajack.Installer.StandardInstaller) Unable to download Tools_redist_VC_redist.x64.exe (GameFileSourceDownloader+State|SkyrimSpecialEdition|1.6.1170.0|tools\redist\vc_redist.x64.exe)
00:01:30.902 [FATAL] (Wabbajack.Installer.StandardInstaller) Unable to download Tools_AssetWatcher_platforms_qoffscreen.dll (GameFileSourceDownloader+State|SkyrimSpecialEdition|1.6.1170.0|tools\assetwatcher\platforms\qoffscreen.dll)
00:01:30.902 [FATAL] (Wabbajack.Installer.StandardInstaller) Unable to download Tools_LipGen_LipFuzer_LIPFuzer.txt (GameFileSourceDownloader+State|SkyrimSpecialEdition|1.6.1170.0|tools\lipgen\lipfuzer\lipfuzer.txt)
00:01:30.902 [FATAL] (Wabbajack.Installer.StandardInstaller) Unable to download lex_sscebr2.clx (GameFileSourceDownloader+State|SkyrimSpecialEdition|1.6.1170.0|lex\sscebr2.clx)
00:01:30.902 [FATAL] (Wabbajack.Installer.StandardInstaller) Unable to download lex_ssceam.tlx (GameFileSourceDownloader+State|SkyrimSpecialEdition|1.6.1170.0|lex\ssceam.tlx)
00:01:30.902 [FATAL] (Wabbajack.Installer.StandardInstaller) Unable to download Tools_Exporting Blender Art Assets for Skyrim.pdf (GameFileSourceDownloader+State|SkyrimSpecialEdition|1.6.1170.0|tools\exporting blender art assets for skyrim.pdf)
00:01:30.902 [FATAL] (Wabbajack.Installer.StandardInstaller) Unable to download Tools_AssetWatcher_Qt5Core.dll (GameFileSourceDownloader+State|SkyrimSpecialEdition|1.6.1170.0|tools\assetwatcher\qt5core.dll)
00:01:30.902 [FATAL] (Wabbajack.Installer.StandardInstaller) Unable to download Tools_Archive_Archive.exe (GameFileSourceDownloader+State|SkyrimSpecialEdition|1.6.1170.0|tools\archive\archive.exe)
00:01:30.902 [FATAL] (Wabbajack.Installer.StandardInstaller) Unable to download Tools_AssetWatcher_platforms_qwindows.dll (GameFileSourceDownloader+State|SkyrimSpecialEdition|1.6.1170.0|tools\assetwatcher\platforms\qwindows.dll)
00:01:30.902 [FATAL] (Wabbajack.Installer.StandardInstaller) Unable to download lex_ssceam2.clx (GameFileSourceDownloader+State|SkyrimSpecialEdition|1.6.1170.0|lex\ssceam2.clx)
00:01:30.902 [FATAL] (Wabbajack.Installer.StandardInstaller) Unable to download Tools_RoboVoicer.exe (GameFileSourceDownloader+State|SkyrimSpecialEdition|1.6.1170.0|tools\robovoicer.exe)
00:01:30.902 [FATAL] (Wabbajack.Installer.StandardInstaller) Unable to download Tools_AssetWatcher_Qt5Gui.dll (GameFileSourceDownloader+State|SkyrimSpecialEdition|1.6.1170.0|tools\assetwatcher\qt5gui.dll)
00:01:30.902 [FATAL] (Wabbajack.Installer.StandardInstaller) Unable to download Tools_AssetWatcher_styles_Default.css (GameFileSourceDownloader+State|SkyrimSpecialEdition|1.6.1170.0|tools\assetwatcher\styles\default.css)
00:01:30.902 [FATAL] (Wabbajack.Installer.StandardInstaller) Unable to download Tools_LipGen_LipGenerator_LipGenerator.exe (GameFileSourceDownloader+State|SkyrimSpecialEdition|1.6.1170.0|tools\lipgen\lipgenerator\lipgenerator.exe)
00:01:30.902 [FATAL] (Wabbajack.Installer.StandardInstaller) Unable to download p4com64.dll (GameFileSourceDownloader+State|SkyrimSpecialEdition|1.6.1170.0|p4com64.dll)
00:01:30.902 [FATAL] (Wabbajack.Installer.StandardInstaller) Unable to download lex_ssceca2.clx (GameFileSourceDownloader+State|SkyrimSpecialEdition|1.6.1170.0|lex\ssceca2.clx)
00:01:30.902 [FATAL] (Wabbajack.Installer.StandardInstaller) Unable to download Tools_AssetWatcher_Qt5Network.dll (GameFileSourceDownloader+State|SkyrimSpecialEdition|1.6.1170.0|tools\assetwatcher\qt5network.dll)
00:01:30.902 [FATAL] (Wabbajack.Installer.StandardInstaller) Unable to download Tools_AssetWatcher_styles_qwindowsvistastyle.dll (GameFileSourceDownloader+State|SkyrimSpecialEdition|1.6.1170.0|tools\assetwatcher\styles\qwindowsvistastyle.dll)
00:01:30.902 [FATAL] (Wabbajack.Installer.StandardInstaller) Unable to download lex_tech.tlx (GameFileSourceDownloader+State|SkyrimSpecialEdition|1.6.1170.0|lex\tech.tlx)
00:01:30.902 [FATAL] (Wabbajack.Installer.StandardInstaller) Unable to download Tools_AssetWatcher_Qt5Svg.dll (GameFileSourceDownloader+State|SkyrimSpecialEdition|1.6.1170.0|tools\assetwatcher\qt5svg.dll)
00:01:30.902 [FATAL] (Wabbajack.Installer.StandardInstaller) Unable to download Tools_LipGen_LipFuzer_LIPFuzer.exe (GameFileSourceDownloader+State|SkyrimSpecialEdition|1.6.1170.0|tools\lipgen\lipfuzer\lipfuzer.exe)
00:01:30.902 [FATAL] (Wabbajack.Installer.StandardInstaller) Unable to download SkyrimReservedAddOnIndexes.txt (GameFileSourceDownloader+State|SkyrimSpecialEdition|1.6.1170.0|skyrimreservedaddonindexes.txt)
00:01:30.902 [FATAL] (Wabbajack.Installer.StandardInstaller) Unable to download Tools_AssetWatcher_Qt5Widgets.dll (GameFileSourceDownloader+State|SkyrimSpecialEdition|1.6.1170.0|tools\assetwatcher\qt5widgets.dll)
00:01:30.902 [FATAL] (Wabbajack.Installer.StandardInstaller) Unable to download Tools_AssetWatcher_SettingsGeneration.py (GameFileSourceDownloader+State|SkyrimSpecialEdition|1.6.1170.0|tools\assetwatcher\settingsgeneration.py)
00:01:30.902 [FATAL] (Wabbajack.Installer.StandardInstaller) Unable to download Tools_Audio_xwmaencode.exe (GameFileSourceDownloader+State|SkyrimSpecialEdition|1.6.1170.0|tools\audio\xwmaencode.exe)
00:01:30.902 [FATAL] (Wabbajack.Installer.StandardInstaller) Unable to download Tools_AssetWatcher_Plugins_Skyrim_BSFBXDLL.dll (GameFileSourceDownloader+State|SkyrimSpecialEdition|1.6.1170.0|tools\assetwatcher\plugins\skyrim\bsfbxdll.dll)
00:01:30.902 [FATAL] (Wabbajack.Installer.StandardInstaller) Unable to download Tools_Elric_xg.dll (GameFileSourceDownloader+State|SkyrimSpecialEdition|1.6.1170.0|tools\elric\xg.dll)
00:01:30.902 [FATAL] (Wabbajack.Installer.StandardInstaller) Unable to download Tools_ArtTools_Blender_bgs_skyrim_tools.zip (GameFileSourceDownloader+State|SkyrimSpecialEdition|1.6.1170.0|tools\arttools\blender\bgs_skyrim_tools.zip)
00:01:30.902 [FATAL] (Wabbajack.Installer.StandardInstaller) Unable to download Tools_AssetWatcher_Plugins_Skyrim_Meshes_Settings.json (GameFileSourceDownloader+State|SkyrimSpecialEdition|1.6.1170.0|tools\assetwatcher\plugins\skyrim\meshes_settings.json)
00:01:30.902 [FATAL] (Wabbajack.Installer.StandardInstaller) Unable to download Papyrus Compiler_PapyrusCompiler.exe (GameFileSourceDownloader+State|SkyrimSpecialEdition|1.6.1170.0|papyrus compiler\papyruscompiler.exe)
00:01:30.902 [FATAL] (Wabbajack.Installer.StandardInstaller) Unable to download Tools_Elric_xtexconv.exe (GameFileSourceDownloader+State|SkyrimSpecialEdition|1.6.1170.0|tools\elric\xtexconv.exe)
00:01:30.902 [FATAL] (Wabbajack.Installer.StandardInstaller) Unable to download Tools_ArtTools_Blender_io_scene_bsfbx_skyrim.zip (GameFileSourceDownloader+State|SkyrimSpecialEdition|1.6.1170.0|tools\arttools\blender\io_scene_bsfbx_skyrim.zip)
00:01:30.902 [FATAL] (Wabbajack.Installer.StandardInstaller) Unable to download Tools_AssetWatcher_platforms_qminimal.dll (GameFileSourceDownloader+State|SkyrimSpecialEdition|1.6.1170.0|tools\assetwatcher\platforms\qminimal.dll)
00:01:30.902 [FATAL] (Wabbajack.Installer.StandardInstaller) Unable to download CreationKit.exe (GameFileSourceDownloader+State|SkyrimSpecialEdition|1.6.1170.0|creationkit.exe)
00:01:30.902 [FATAL] (Wabbajack.Installer.StandardInstaller) Unable to download Papyrus Compiler_ScriptCompile.bat (GameFileSourceDownloader+State|SkyrimSpecialEdition|1.6.1170.0|papyrus compiler\scriptcompile.bat)
00:01:30.902 [FATAL] (Wabbajack.Installer.StandardInstaller) Unable to download Tools_HavokBehaviorPostProcess_readme.txt (GameFileSourceDownloader+State|SkyrimSpecialEdition|1.6.1170.0|tools\havokbehaviorpostprocess\readme.txt)
00:01:30.902 [FATAL] (Wabbajack.Installer.StandardInstaller) Unable to download CreationKit.ini (GameFileSourceDownloader+State|SkyrimSpecialEdition|1.6.1170.0|creationkit.ini)
00:01:30.902 [FATAL] (Wabbajack.Installer.StandardInstaller) Unable to download Tools_HavokBehaviorPostProcess_UpgradeHavokBehavior.bat (GameFileSourceDownloader+State|SkyrimSpecialEdition|1.6.1170.0|tools\havokbehaviorpostprocess\upgradehavokbehavior.bat)
00:01:30.902 [FATAL] (Wabbajack.Installer.StandardInstaller) Unable to download lex_User_correct.tlx (GameFileSourceDownloader+State|SkyrimSpecialEdition|1.6.1170.0|lex\user\correct.tlx)
00:01:30.902 [FATAL] (Wabbajack.Installer.StandardInstaller) Unable to download Tools_redist_dxwebsetup.exe (GameFileSourceDownloader+State|SkyrimSpecialEdition|1.6.1170.0|tools\redist\dxwebsetup.exe)
00:01:30.902 [FATAL] (Wabbajack.Installer.StandardInstaller) Unable to download flowchartx64.dll (GameFileSourceDownloader+State|SkyrimSpecialEdition|1.6.1170.0|flowchartx64.dll)
00:01:30.902 [FATAL] (Wabbajack.Installer.StandardInstaller) Cannot continue, was unable to download one or more archives
